fs1520
*   3127ca9 I merged finally
|\  
| *   f58af5e Merge branch 'master' into testing I merged master with testing
| |\  
| * | f5b411b test 1 node 2
* | |   8c3772c Merge branch 'testing2' I merged testing2 in merge
|\ \ \  
| |_|/  
|/| |   
| * | 4239ae6 test2 node 1
* | |   f15076d Merge branch 'testing' Yes,Merging testing
|\ \ \  
| |/ /  
|/| /   
| |/    
| * dc99ded test node 1
* | 7108a44 main node 2
|/  
* 06690fd root node

tx443
*   5f4d206 last
|\
| *   18a9679 4-2
| |\
| * | e04ec15 3-3
* | |   4bdc566 4-1
|\ \ \
| | |/
| |/|
| * |   d4285cd merge
| |\ \
| | |/
| | * ce272fd 2-2
* | | 2ebd139 3-1
|/ /
* | 928d278 2-1
|/
* 0756a28 1
