tx443
*   5f4d206 last
|\
| *   18a9679 4-2
| |\
| * | e04ec15 3-3
* | |   4bdc566 4-1
|\ \ \
| | |/
| |/|
| * |   d4285cd merge
| |\ \
| | |/
| | * ce272fd 2-2
* | | 2ebd139 3-1
|/ /
* | 928d278 2-1
|/
* 0756a28 1

yn811
*   7f80405 last
|\  
| *   a6a0671 layer 4 node 1
| |\  
| * | 56a82ba layer 3 node 1
* | |   eb71755 layer 4 node 2
|\ \ \  
| | |/  
| |/|   
| * |   9e86a21 layer 3 node 2
| |\ \  
| | |/  
| | * 612478c layer 2 node 1
* | | ba6ffe2 layer 3 node 3
|/ /  
* | 2dd41c0 layer 2 node 2
|/  
* a5494b8 layer 1 node 1
